<!DOCTYPE html PUBLIC "-//W3C//DTD XHTML 1.1//EN" "http://www.w3.org/TR/xhtml11/DTD/xhtml11.dtd">
<html xmlns="http://www.w3.org/1999/xhtml"><head><title>TestNG Report</title><style type="text/css">table {margin-bottom:10px;border-collapse:collapse;empty-cells:show}th,td {border:1px solid #009;padding:.25em .5em}th {vertical-align:bottom}td {vertical-align:top}table a {font-weight:bold}.stripe td {background-color: #E6EBF9}.num {text-align:right}.passedodd td {background-color: #3F3}.passedeven td {background-color: #0A0}.skippedodd td {background-color: #DDD}.skippedeven td {background-color: #CCC}.failedodd td,.attn {background-color: #F33}.failedeven td,.stripe .attn {background-color: #D00}.stacktrace {white-space:pre;font-family:monospace}.totop {font-size:85%;text-align:center;border-bottom:2px solid #000}</style></head><body><table><tr><th>Test</th><th># Passed</th><th># Skipped</th><th># Failed</th><th>Time (ms)</th><th>Included Groups</th><th>Excluded Groups</th></tr><tr><th colspan="7">Suite</th></tr><tr><td><a href="#t0">Test001</a></td><td class="num">1</td><td class="num">0</td><td class="num">0</td><td class="num">9,878</td><td></td><td></td></tr><tr class="stripe"><td><a href="#t1">Test002</a></td><td class="num">0</td><td class="num">0</td><td class="num attn">1</td><td class="num">10,181</td><td></td><td></td></tr><tr><th>Total</th><th class="num">1</th><th class="num">0</th><th class="num attn">1</th><th class="num">20,059</th><th colspan="2"></th></tr></table><table><thead><tr><th>Class</th><th>Method</th><th>Start</th><th>Time (ms)</th></tr></thead><tbody><tr><th colspan="4">Suite</th></tr></tbody><tbody id="t0"><tr><th colspan="4">Test001 &#8212; passed</th></tr><tr class="passedeven"><td rowspan="1">Adv1CucumberFramework.Runners.Runner1</td><td><a href="#m0">feature</a></td><td rowspan="1">1557008084656</td><td rowspan="1">9161</td></tr></tbody><tbody id="t1"><tr><th colspan="4">Test002 &#8212; failed</th></tr><tr class="failedeven"><td rowspan="1">Adv1CucumberFramework.Runners.Runner2</td><td><a href="#m1">feature</a></td><td rowspan="1">1557008094207</td><td rowspan="1">10064</td></tr></tbody></table><h2>Test001</h2><h3 id="m0">Adv1CucumberFramework.Runners.Runner1#feature</h3><table class="result"><tr class="param"><th>Parameter #1</th></tr><tr class="param stripe"><td>Submit data to webdriveruniversity.com using contact us form</td></tr></table><p class="totop"><a href="#summary">back to summary</a></p><h2>Test002</h2><h3 id="m1">Adv1CucumberFramework.Runners.Runner2#feature</h3><table class="result"><tr class="param"><th>Parameter #1</th></tr><tr class="param stripe"><td>Products</td></tr><tr><th>Exception</th></tr><tr><td><div class="stacktrace">cucumber.runtime.CucumberException: java.lang.AssertionError: expected [NEWCUSTOMER1] but found [NEWCUSTOMER]
	at cucumber.api.testng.TestNGCucumberRunner.runCucumber(TestNGCucumberRunner.java:69)
	at cucumber.api.testng.AbstractTestNGCucumberTests.feature(AbstractTestNGCucumberTests.java:21)
Caused by: java.lang.AssertionError: expected [NEWCUSTOMER1] but found [NEWCUSTOMER]
	at Resources.pageObjects.Products_Page.printSpecialOffersVoucherCode(Products_Page.java:38)
	at Adv1CucumberFramework.StepDefinitions.ProductsSteps.user_should_be_presented_with_a_promo_alert(ProductsSteps.java:30)
	at ?.Then User should be presented with a promo alert(src/test/java/Adv1CucumberFramework/FeatureFiles/Products.feature:7)
... Removed 30 stack frames</div></td></tr></table><p class="totop"><a href="#summary">back to summary</a></p></body></html>