<?xml version="1.0" encoding="UTF-8"?>
<testng-results skipped="0" failed="0" total="2" passed="2">
  <reporter-output>
  </reporter-output>
  <suite name="Suite" duration-ms="18230" started-at="2019-04-30T22:23:44Z" finished-at="2019-04-30T22:24:02Z">
    <groups>
      <group name="cucumber">
        <method signature="AbstractTestNGCucumberTests.feature(cucumber.api.testng.CucumberFeatureWrapper)[pri:0, instance:Adv1CucumberFramework.Runners.Runner1@49993335]" name="feature" class="cucumber.api.testng.AbstractTestNGCucumberTests"/>
        <method signature="AbstractTestNGCucumberTests.feature(cucumber.api.testng.CucumberFeatureWrapper)[pri:0, instance:Adv1CucumberFramework.Runners.Runner2@20322d26]" name="feature" class="cucumber.api.testng.AbstractTestNGCucumberTests"/>
      </group> <!-- cucumber -->
    </groups>
    <test name="Test" duration-ms="18230" started-at="2019-04-30T22:23:44Z" finished-at="2019-04-30T22:24:02Z">
      <class name="Adv1CucumberFramework.Runners.Runner1">
        <test-method status="PASS" signature="setUpClass()[pri:0, instance:Adv1CucumberFramework.Runners.Runner1@49993335]" name="setUpClass" is-config="true" duration-ms="330" started-at="2019-04-30T18:23:44Z" finished-at="2019-04-30T18:23:44Z">
          <reporter-output>
          </reporter-output>
        </test-method> <!-- setUpClass -->
        <test-method status="PASS" signature="feature(cucumber.api.testng.CucumberFeatureWrapper)[pri:0, instance:Adv1CucumberFramework.Runners.Runner1@49993335]" name="feature" duration-ms="10074" started-at="2019-04-30T18:23:44Z" description="Runs Cucumber Feature" data-provider="features" finished-at="2019-04-30T18:23:55Z">
          <params>
            <param index="0">
              <value>
                <![CDATA[Submit data to webdriveruniversity.com using contact us form]]>
              </value>
            </param>
          </params>
          <reporter-output>
          </reporter-output>
        </test-method> <!-- feature -->
        <test-method status="PASS" signature="tearDownClass()[pri:0, instance:Adv1CucumberFramework.Runners.Runner1@49993335]" name="tearDownClass" is-config="true" duration-ms="427" started-at="2019-04-30T18:23:55Z" finished-at="2019-04-30T18:23:55Z">
          <reporter-output>
          </reporter-output>
        </test-method> <!-- tearDownClass -->
      </class> <!-- Adv1CucumberFramework.Runners.Runner1 -->
      <class name="Adv1CucumberFramework.Runners.Runner2">
        <test-method status="PASS" signature="setUpClass()[pri:0, instance:Adv1CucumberFramework.Runners.Runner2@20322d26]" name="setUpClass" is-config="true" duration-ms="23" started-at="2019-04-30T18:23:55Z" finished-at="2019-04-30T18:23:55Z">
          <reporter-output>
          </reporter-output>
        </test-method> <!-- setUpClass -->
        <test-method status="PASS" signature="feature(cucumber.api.testng.CucumberFeatureWrapper)[pri:0, instance:Adv1CucumberFramework.Runners.Runner2@20322d26]" name="feature" duration-ms="7201" started-at="2019-04-30T18:23:55Z" description="Runs Cucumber Feature" data-provider="features" finished-at="2019-04-30T18:24:02Z">
          <params>
            <param index="0">
              <value>
                <![CDATA[Products]]>
              </value>
            </param>
          </params>
          <reporter-output>
          </reporter-output>
        </test-method> <!-- feature -->
        <test-method status="PASS" signature="tearDownClass()[pri:0, instance:Adv1CucumberFramework.Runners.Runner2@20322d26]" name="tearDownClass" is-config="true" duration-ms="73" started-at="2019-04-30T18:24:02Z" finished-at="2019-04-30T18:24:02Z">
          <reporter-output>
          </reporter-output>
        </test-method> <!-- tearDownClass -->
      </class> <!-- Adv1CucumberFramework.Runners.Runner2 -->
    </test> <!-- Test -->
  </suite> <!-- Suite -->
</testng-results>
