<?xml version="1.0" encoding="UTF-8"?>
<!-- Generated by org.testng.reporters.JUnitXMLReporter -->
<testsuite hostname="DESKTOP-KHVMP4M" name="Test002" tests="1" failures="1" timestamp="4 May 2019 22:15:04 GMT" time="10.181" errors="0">
  <testcase name="feature" time="10.064" classname="Adv1CucumberFramework.Runners.Runner2">
    <failure type="cucumber.runtime.CucumberException" message="java.lang.AssertionError: expected [NEWCUSTOMER1] but found [NEWCUSTOMER]">
      <![CDATA[cucumber.runtime.CucumberException: java.lang.AssertionError: expected [NEWCUSTOMER1] but found [NEWCUSTOMER]
	at cucumber.api.testng.TestNGCucumberRunner.runCucumber(TestNGCucumberRunner.java:69)
	at cucumber.api.testng.AbstractTestNGCucumberTests.feature(AbstractTestNGCucumberTests.java:21)
Caused by: java.lang.AssertionError: expected [NEWCUSTOMER1] but found [NEWCUSTOMER]
	at Resources.pageObjects.Products_Page.printSpecialOffersVoucherCode(Products_Page.java:38)
	at Adv1CucumberFramework.StepDefinitions.ProductsSteps.user_should_be_presented_with_a_promo_alert(ProductsSteps.java:30)
	at âœ½.Then User should be presented with a promo alert(src/test/java/Adv1CucumberFramework/FeatureFiles/Products.feature:7)
... Removed 30 stack frames]]>
    </failure>
  </testcase> <!-- feature -->
</testsuite> <!-- Test002 -->
