<?xml version="1.0" encoding="UTF-8"?>
<!-- Generated by org.testng.reporters.JUnitXMLReporter -->
<testsuite hostname="DESKTOP-KHVMP4M" name="Test001" tests="1" failures="1" timestamp="4 May 2019 22:56:49 GMT" time="10.232" errors="0">
  <testcase name="feature" time="9.505" classname="Adv1CucumberFramework.Runners.Runner1">
    <failure type="cucumber.runtime.CucumberException" message="java.lang.AssertionError: expected [thankyouforyourmessage!] but found [thankyouforyourmessage!1]">
      <![CDATA[cucumber.runtime.CucumberException: java.lang.AssertionError: expected [thankyouforyourmessage!] but found [thankyouforyourmessage!1]
	at cucumber.api.testng.TestNGCucumberRunner.runCucumber(TestNGCucumberRunner.java:69)
	at cucumber.api.testng.AbstractTestNGCucumberTests.feature(AbstractTestNGCucumberTests.java:21)
Caused by: java.lang.AssertionError: expected [thankyouforyourmessage!] but found [thankyouforyourmessage!1]
	at Resources.pageObjects.ContactUs_Page.confirmContactUsFormSubmissionWasSuccessful(ContactUs_Page.java:60)
	at Adv1CucumberFramework.StepDefinitions.ContactUsSteps.the_information_should_successfully_be_submitted_via_the_contact_us_form(ContactUsSteps.java:49)
	at ✽.Then the information should successfully be submitted via the contact us form(src/test/java/Adv1CucumberFramework/FeatureFiles/ContactUs.feature:12)
... Removed 30 stack frames]]>
    </failure>
  </testcase> <!-- feature -->
</testsuite> <!-- Test001 -->
